2021-04-26T03:16:34.472Z:info15589/15569 Unity
Available Device Name: Oculus Touch Controller - Left, Characteristics: HeldInHand, TrackedDevice, Controller, Left<br><br>
2021-04-26T03:16:34.472Z:info15589/15569 Unity
Available Device Name: Oculus Touch Controller - Left, Characteristics: HeldInHand, TrackedDevice, Controller, Left<br><br>
2021-04-26T03:16:34.472Z:info15589/15569 Unity
Available Device Name: Oculus Touch Controller - Right, Characteristics: HeldInHand, TrackedDevice, Controller, Right<br><br>
2021-04-26T03:16:34.472Z:info15589/15569 Unity
Available Device Name: Oculus Touch Controller - Left, Characteristics: HeldInHand, TrackedDevice, Controller, Left<br><br>
2021-04-26T03:16:34.472Z:info15589/15569 Unity
Available Device Name: Oculus Touch Controller - Left, Characteristics: HeldInHand, TrackedDevice, Controller, Left<br><br>
2021-04-26T03:16:34.472Z:info15589/15569 Unity
Available Device Name: Oculus Touch Controller - Right, Characteristics: HeldInHand, TrackedDevice, Controller, Right<br><br>
2021-04-26T03:16:34.472Z:info15589/15569 Unity
Available Device Name: Oculus Touch Controller - Right, Characteristics: HeldInHand, TrackedDevice, Controller, Right<br><br>
2021-04-26T03:16:34.472Z:info15589/15569 Unity
Available Device Name: Oculus Touch Controller - Left, Characteristics: HeldInHand, TrackedDevice, Controller, Left<br><br>
2021-04-26T03:16:34.472Z:info15589/15569 Unity
Available Device Name: Oculus Touch Controller - Left, Characteristics: HeldInHand, TrackedDevice, Controller, Left<br><br>
2021-04-26T03:16:34.472Z:info15589/15569 Unity
Available Device Name: Oculus Touch Controller - Right, Characteristics: HeldInHand, TrackedDevice, Controller, Right<br><br>
2021-04-26T03:16:34.472Z:info15589/15569 Unity
Available Device Name: Oculus Touch Controller - Right, Characteristics: HeldInHand, TrackedDevice, Controller, Right<br><br>
2021-04-26T03:16:34.472Z:info15589/15569 Unity
Available Device Name: Oculus Touch Controller - Right, Characteristics: HeldInHand, TrackedDevice, Controller, Right<br><br>
2021-04-26T03:16:34.476Z:info15589/15569 Unity
Player OnTrigger M1911 Handgun_Black<br><br>
2021-04-26T03:16:34.476Z:info15589/15569 Unity
Player OnTrigger M1911 Handgun_Black<br><br>
2021-04-26T03:16:34.476Z:info15589/15569 Unity
Player OnTrigger M1911 Handgun_Black<br><br>
2021-04-26T03:16:34.476Z:info15589/15569 Unity
this is Trigger On PlayerController<br><br>
2021-04-26T03:16:34.476Z:info15589/15569 Unity
Player OnTrigger M1911 Handgun_Black<br><br>
2021-04-26T03:16:34.476Z:info15589/15569 Unity
Player OnTrigger M1911 Handgun_Black<br><br>
2021-04-26T03:16:34.476Z:info15589/15569 Unity
this is Trigger On PlayerController<br><br>
2021-04-26T03:16:34.476Z:info15589/15569 Unity
Player OnTrigger M1911 Handgun_Black<br><br>
2021-04-26T03:16:34.476Z:info15589/15569 Unity
this is Trigger On PlayerController<br><br>
2021-04-26T03:16:34.476Z:info15589/15569 Unity
this is Trigger On PlayerController<br><br>
2021-04-26T03:16:34.476Z:info15589/15569 Unity
this is Trigger On PlayerController<br><br>
2021-04-26T03:16:34.476Z:info15589/15569 Unity
this is Trigger On PlayerController<br><br>
2021-04-26T03:16:34.498Z:info15589/15569 Unity
Player OnTrigger M1911 Handgun_Black<br><br>
2021-04-26T03:16:34.498Z:info15589/15569 Unity
Player OnTrigger M1911 Handgun_Black<br><br>
2021-04-26T03:16:34.498Z:info15589/15569 Unity
Player OnTrigger M1911 Handgun_Black<br><br>
2021-04-26T03:16:34.498Z:info15589/15569 Unity
this is Trigger On PlayerController<br><br>
2021-04-26T03:16:34.498Z:info15589/15569 Unity
Player OnTrigger M1911 Handgun_Black<br><br>
2021-04-26T03:16:34.498Z:info15589/15569 Unity
this is Trigger On PlayerController<br><br>
2021-04-26T03:16:34.498Z:info15589/15569 Unity
this is Trigger On PlayerController<br><br>
2021-04-26T03:16:34.498Z:info15589/15569 Unity
Player OnTrigger M1911 Handgun_Black<br><br>
2021-04-26T03:16:34.498Z:info15589/15569 Unity
this is Trigger On PlayerController<br><br>
2021-04-26T03:16:34.498Z:info15589/15569 Unity
this is Trigger On PlayerController<br><br>
2021-04-26T03:16:34.498Z:info15589/15569 Unity
Player OnTrigger M1911 Handgun_Black<br><br>
2021-04-26T03:16:34.498Z:info15589/15569 Unity
this is Trigger On PlayerController<br><br>
2021-04-26T03:16:39.016Z:info15589/15569 Unity
Player OnTrigger Bullet(Clone)<br><br>
2021-04-26T03:16:39.016Z:info15589/15569 Unity
this is Trigger On PlayerController<br><br>
2021-04-26T03:16:39.016Z:info15589/15569 Unity
this is Trigger On PlayerController<br><br>
2021-04-26T03:16:39.016Z:info15589/15569 Unity
Player OnTrigger Bullet(Clone)<br><br>
2021-04-26T03:16:39.016Z:info15589/15569 Unity
this is Trigger On PlayerController<br><br>
2021-04-26T03:16:39.016Z:info15589/15569 Unity
Player OnTrigger Bullet(Clone)<br><br>
2021-04-26T03:16:39.016Z:info15589/15569 Unity
Player OnTrigger Bullet(Clone)<br><br>
2021-04-26T03:16:39.016Z:info15589/15569 Unity
this is Trigger On PlayerController<br><br>
2021-04-26T03:16:39.016Z:info15589/15569 Unity
Player OnTrigger Bullet(Clone)<br><br>
2021-04-26T03:16:39.016Z:info15589/15569 Unity
this is Trigger On PlayerController<br><br>
2021-04-26T03:16:39.016Z:info15589/15569 Unity
Player OnTrigger Bullet(Clone)<br><br>
2021-04-26T03:16:39.016Z:info15589/15569 Unity
this is Trigger On PlayerController<br><br>
2021-04-26T03:16:41.258Z:info15589/15569 Unity
Player OnTrigger Bullet(Clone)<br><br>
2021-04-26T03:16:41.258Z:info15589/15569 Unity
Player OnTrigger Bullet(Clone)<br><br>
2021-04-26T03:16:41.258Z:info15589/15569 Unity
Player OnTrigger Bullet(Clone)<br><br>
2021-04-26T03:16:41.258Z:info15589/15569 Unity
this is Trigger On PlayerController<br><br>
2021-04-26T03:16:41.258Z:info15589/15569 Unity
Player OnTrigger Bullet(Clone)<br><br>
2021-04-26T03:16:41.258Z:info15589/15569 Unity
Player OnTrigger Bullet(Clone)<br><br>
2021-04-26T03:16:41.258Z:info15589/15569 Unity
Player OnTrigger Bullet(Clone)<br><br>
2021-04-26T03:16:41.258Z:info15589/15569 Unity
this is Trigger On PlayerController<br><br>
2021-04-26T03:16:41.258Z:info15589/15569 Unity
this is Trigger On PlayerController<br><br>
2021-04-26T03:16:41.258Z:info15589/15569 Unity
this is Trigger On PlayerController<br><br>
2021-04-26T03:16:41.258Z:info15589/15569 Unity
this is Trigger On PlayerController<br><br>
2021-04-26T03:16:41.258Z:info15589/15569 Unity
this is Trigger On PlayerController<br><br>
2021-04-26T03:16:41.940Z:info15589/15569 Unity
Player OnTrigger M1911 Handgun_Black<br><br>
2021-04-26T03:16:41.940Z:info15589/15569 Unity
this is Trigger On PlayerController<br><br>
2021-04-26T03:16:41.940Z:info15589/15569 Unity
Player OnTrigger M1911 Handgun_Black<br><br>
2021-04-26T03:16:41.940Z:info15589/15569 Unity
this is Trigger On PlayerController<br><br>
2021-04-26T03:16:41.940Z:info15589/15569 Unity
Player OnTrigger M1911 Handgun_Black<br><br>
2021-04-26T03:16:41.940Z:info15589/15569 Unity
this is Trigger On PlayerController<br><br>
2021-04-26T03:16:41.940Z:info15589/15569 Unity
this is Trigger On PlayerController<br><br>
2021-04-26T03:16:41.940Z:info15589/15569 Unity
Player OnTrigger M1911 Handgun_Black<br><br>
2021-04-26T03:16:41.940Z:info15589/15569 Unity
Player OnTrigger M1911 Handgun_Black<br><br>
2021-04-26T03:16:41.940Z:info15589/15569 Unity
this is Trigger On PlayerController<br><br>
2021-04-26T03:16:41.940Z:info15589/15569 Unity
Player OnTrigger M1911 Handgun_Black<br><br>
2021-04-26T03:16:41.940Z:info15589/15569 Unity
this is Trigger On PlayerController<br><br>
2021-04-26T03:16:42.037Z:info15589/15569 Unity
Player OnTrigger VR Rig<br><br>
2021-04-26T03:16:42.037Z:info15589/15569 Unity
this is Trigger On PlayerController<br><br>
2021-04-26T03:16:42.037Z:info15589/15569 Unity
Player OnTrigger VR Rig<br><br>
2021-04-26T03:16:42.037Z:info15589/15569 Unity
this is Trigger On PlayerController<br><br>
2021-04-26T03:16:42.037Z:info15589/15569 Unity
Player OnTrigger VR Rig<br><br>
2021-04-26T03:16:42.037Z:info15589/15569 Unity
Player OnTrigger VR Rig<br><br>
2021-04-26T03:16:42.037Z:info15589/15569 Unity
this is Trigger On PlayerController<br><br>
2021-04-26T03:16:42.037Z:info15589/15569 Unity
this is Trigger On PlayerController<br><br>
2021-04-26T03:16:42.037Z:info15589/15569 Unity
Player OnTrigger VR Rig<br><br>
2021-04-26T03:16:42.037Z:info15589/15569 Unity
this is Trigger On PlayerController<br><br>
2021-04-26T03:16:42.037Z:info15589/15569 Unity
Player OnTrigger VR Rig<br><br>
2021-04-26T03:16:42.037Z:info15589/15569 Unity
this is Trigger On PlayerController<br><br>
2021-04-26T03:16:44.292Z:info15589/15569 Unity
Player OnTrigger VR Rig<br><br>
2021-04-26T03:16:44.292Z:info15589/15569 Unity
Player OnTrigger VR Rig<br><br>
2021-04-26T03:16:44.292Z:info15589/15569 Unity
Player OnTrigger VR Rig<br><br>
2021-04-26T03:16:44.292Z:info15589/15569 Unity
Player OnTrigger VR Rig<br><br>
2021-04-26T03:16:44.292Z:info15589/15569 Unity
Player OnTrigger VR Rig<br><br>
2021-04-26T03:16:44.292Z:info15589/15569 Unity
this is Trigger On PlayerController<br><br>
2021-04-26T03:16:44.292Z:info15589/15569 Unity
this is Trigger On PlayerController<br><br>
2021-04-26T03:16:44.292Z:info15589/15569 Unity
this is Trigger On PlayerController<br><br>
2021-04-26T03:16:44.292Z:info15589/15569 Unity
this is Trigger On PlayerController<br><br>
2021-04-26T03:16:44.292Z:info15589/15569 Unity
Player OnTrigger VR Rig<br><br>
2021-04-26T03:16:44.292Z:info15589/15569 Unity
this is Trigger On PlayerController<br><br>
2021-04-26T03:16:44.292Z:info15589/15569 Unity
this is Trigger On PlayerController<br><br>
2021-04-26T03:16:56.813Z:info15613/15569 VrRuntimeClient
APP ACTIVITY CLASS = com.unity3d.player.UnityPlayerActivity
2021-04-26T03:16:56.813Z:info15613/15569 VrRuntimeClient
APP ACTIVITY CLASS = com.unity3d.player.UnityPlayerActivity
2021-04-26T03:16:56.813Z:info15613/15569 VrRuntimeClient
APP ACTIVITY CLASS = com.unity3d.player.UnityPlayerActivity
2021-04-26T03:16:56.813Z:info15613/15569 VrRuntimeClient
APP ACTIVITY CLASS = com.unity3d.player.UnityPlayerActivity
2021-04-26T03:16:56.813Z:info15613/15569 VrRuntimeClient
APP ACTIVITY CLASS = com.unity3d.player.UnityPlayerActivity
2021-04-26T03:16:56.813Z:info15613/15569 VrRuntimeClient
APP ACTIVITY CLASS = com.unity3d.player.UnityPlayerActivity
2021-04-26T03:17:48.130Z:debug15589/15569 Unity
initOculus Java!
2021-04-26T03:17:48.130Z:debug15569/15569 Unity
Oculus UI thread done.
2021-04-26T03:17:48.161Z:info15613/15569 VrRuntimeClient
APP ACTIVITY CLASS = com.unity3d.player.UnityPlayerActivity
2021-04-26T03:17:50.378Z:info15589/15569 Unity
Player OnTrigger Bullet(Clone)<br><br>
2021-04-26T03:17:50.378Z:info15589/15569 Unity
this is Trigger On PlayerController<br><br>
2021-04-26T03:17:52.686Z:info15589/15569 Unity
Player OnTrigger Bullet(Clone)<br><br>
2021-04-26T03:17:52.686Z:info15589/15569 Unity
this is Trigger On PlayerController<br><br>
2021-04-26T03:17:53.563Z:info15589/15569 Unity
Player OnTrigger Bullet(Clone)<br><br>
2021-04-26T03:17:53.563Z:info15589/15569 Unity
this is Trigger On PlayerController<br><br>
2021-04-26T03:17:54.552Z:info15589/15569 Unity
Player OnTrigger Bullet(Clone)<br><br>
2021-04-26T03:17:54.552Z:info15589/15569 Unity
this is Trigger On PlayerController<br><br>
2021-04-26T03:17:56.292Z:info15589/15569 Unity
Player OnTrigger Bullet(Clone)<br><br>
2021-04-26T03:17:56.292Z:info15589/15569 Unity
this is Trigger On PlayerController<br><br>
2021-04-26T03:17:56.946Z:info15589/15569 Unity
Player OnTrigger Bullet(Clone)<br><br>
2021-04-26T03:17:56.946Z:info15589/15569 Unity
this is Trigger On PlayerController<br><br>
2021-04-26T03:17:59.355Z:info15589/15569 Unity
Player OnTrigger Bullet(Clone)<br><br>
2021-04-26T03:17:59.355Z:info15589/15569 Unity
this is Trigger On PlayerController<br><br>
2021-04-26T03:18:00.108Z:info15589/15569 Unity
Player OnTrigger Bullet(Clone)<br><br>
2021-04-26T03:18:00.108Z:info15589/15569 Unity
this is Trigger On PlayerController<br><br>
