Using pre-set license
Built from '2020.3/release' branch; Version is '2020.3.2f1 (8fd9074bf66c) revision 9427207'; Using compiler version '192528614'; Build Type 'Release'
OS: 'Windows 10 Enterprise LTSC 2019; OS build 17763.1879; Version 1809; 64bit' Language: 'ko' Physical Memory: 16299 MB
BatchMode: 1, IsHumanControllingUs: 0, StartBugReporterOnCrash: 0, Is64bit: 1, IsPro: 0

 COMMAND LINE ARGUMENTS:
C:\Program Files\Unity\2020.3.2f1\Editor\Unity.exe
-adb2
-batchMode
-noUpm
-name
AssetImportWorker0
-projectPath
D:/Unity/Rhythm-Game-Prototype
-logFile
Logs/AssetImportWorker0.log
-srvPort
1892
Successfully changed project path to: D:/Unity/Rhythm-Game-Prototype
D:/Unity/Rhythm-Game-Prototype
Using Asset Import Pipeline V2.
Unable to join player connection multicast group.

Refreshing native plugins compatible for Editor in 389.02 ms, found 3 plugins.
Preloading 1 native plugins for Editor in 0.89 ms.
Initialize engine version: 2020.3.2f1 (8fd9074bf66c)
[Subsystems] Discovering subsystems at path C:/Program Files/Unity/2020.3.2f1/Editor/Data/Resources/UnitySubsystems
[Subsystems] Discovering subsystems at path D:/Unity/Rhythm-Game-Prototype/Assets
GfxDevice: creating device client; threaded=0
Direct3D:
    Version:  Direct3D 11.0 [level 11.1]
    Renderer: NVIDIA GeForce GTX 1050 Ti (ID=0x1c82)
    Vendor:   
    VRAM:     4018 MB
    Driver:   27.21.14.6627
Initialize mono
Mono path[0] = 'C:/Program Files/Unity/2020.3.2f1/Editor/Data/Managed'
Mono path[1] = 'C:/Program Files/Unity/2020.3.2f1/Editor/Data/MonoBleedingEdge/lib/mono/unityjit'
Mono config path = 'C:/Program Files/Unity/2020.3.2f1/Editor/Data/MonoBleedingEdge/etc'
Using monoOptions --debugger-agent=transport=dt_socket,embedding=1,server=y,suspend=n,address=127.0.0.1:56408
Begin MonoManager ReloadAssembly
Registering precompiled unity dll's ...
Register platform support module: C:/Program Files/Unity/2020.3.2f1/Editor/Data/PlaybackEngines/WindowsStandaloneSupport/UnityEditor.WindowsStandalone.Extensions.dll
Registered in 0.081491 seconds.
Native extension for WindowsStandalone target not found
Refreshing native plugins compatible for Editor in 30.31 ms, found 3 plugins.
Preloading 1 native plugins for Editor in 0.05 ms.
Invoked RoslynAnalysisRunner static constructor.
RoslynAnalysisRunner will not be running.
RoslynAnalysisRunner has terminated.
Mono: successfully reloaded assembly
- Completed reload, in  3.269 seconds
Platform modules already initialized, skipping
Registering precompiled user dll's ...
Registered in 0.043963 seconds.
Begin MonoManager ReloadAssembly
Native extension for WindowsStandalone target not found
Refreshing native plugins compatible for Editor in 29.37 ms, found 3 plugins.
Preloading 1 native plugins for Editor in 0.05 ms.
Invoked RoslynAnalysisRunner static constructor.
RoslynAnalysisRunner will not be running.
RoslynAnalysisRunner has terminated.
[XR] OculusXRPlugin: registering subsystems
[XR] Unable to register display lifecyle provider: [1]
[XR] Oculus Input lifecycle provider registered.
[XR] Unable to register input lifecyle provider: [1]
NullReferenceException: Object reference not set to an instance of an object
  at Unity.XR.Oculus.OculusLoader.AssetPathToAbsolutePath (System.String assetPath) [0x00048] in D:\Unity\Rhythm-Game-Prototype\Library\PackageCache\com.unity.xr.oculus@1.8.1\Runtime\OculusLoader.cs:243 
  at Unity.XR.Oculus.OculusLoader.EditorLoadOVRPlugin () [0x0007b] in D:\Unity\Rhythm-Game-Prototype\Library\PackageCache\com.unity.xr.oculus@1.8.1\Runtime\OculusLoader.cs:228 

(Filename: Library/PackageCache/com.unity.xr.oculus@1.8.1/Runtime/OculusLoader.cs Line: 243)

Mono: successfully reloaded assembly
- Completed reload, in  1.704 seconds
Platform modules already initialized, skipping
========================================================================
Worker process is ready to serve import requests
Launched and connected shader compiler UnityShaderCompiler.exe after 0.03 seconds
Refreshing native plugins compatible for Editor in 0.40 ms, found 3 plugins.
Preloading 1 native plugins for Editor in 0.05 ms.
Unloading 1673 Unused Serialized files (Serialized files now loaded: 0)
System memory in use before: 81.7 MB.
System memory in use after: 81.8 MB.

Unloading 12 unused Assets to reduce memory usage. Loaded Objects now: 2127.
Total: 2.054700 ms (FindLiveObjects: 0.247700 ms CreateObjectMapping: 0.057900 ms MarkObjects: 1.667300 ms  DeleteObjects: 0.080700 ms)

========================================================================
Received Import Request.
  path: Assets/Scenes/Test_GetSpectrumData.unity
  artifactKey: Guid(ef467b950e70e424ba432f0beb49782f) Importer(815301076,1909f56bfc062723c751e8b465ee728b)
Start importing Assets/Scenes/Test_GetSpectrumData.unity using Guid(ef467b950e70e424ba432f0beb49782f) Importer(815301076,1909f56bfc062723c751e8b465ee728b)  -> (artifact id: '4ae8585a059ec4476c6fd81151be7e0a') in 0.012299 seconds
  Import took 0.014736 seconds .

========================================================================
Received Import Request.
  Time since last request: 64.697089 seconds.
  path: Assets/GetSpectrumDataExample.cs
  artifactKey: Guid(9524102dfb1f1614c86e30bb1235e880) Importer(815301076,1909f56bfc062723c751e8b465ee728b)
Start importing Assets/GetSpectrumDataExample.cs using Guid(9524102dfb1f1614c86e30bb1235e880) Importer(815301076,1909f56bfc062723c751e8b465ee728b)  -> (artifact id: 'bd76f8022f78549c383d886cfd83b16c') in 0.016518 seconds
  Import took 0.019037 seconds .

========================================================================
Received Import Request.
  Time since last request: 1.282348 seconds.
  path: Assets/InstantiateCube.cs
  artifactKey: Guid(73a223e2de3804a489c5a0556f8e0e64) Importer(815301076,1909f56bfc062723c751e8b465ee728b)
Start importing Assets/InstantiateCube.cs using Guid(73a223e2de3804a489c5a0556f8e0e64) Importer(815301076,1909f56bfc062723c751e8b465ee728b)  -> (artifact id: '77bb31e22bf9dda0ed91e3f9eec48b32') in 0.006500 seconds
  Import took 0.008776 seconds .

========================================================================
Received Import Request.
  Time since last request: 0.000352 seconds.
  path: Assets/InstantiateCube.cs
  artifactKey: Guid(73a223e2de3804a489c5a0556f8e0e64) Importer(815301076,1909f56bfc062723c751e8b465ee728b)
Start importing Assets/InstantiateCube.cs using Guid(73a223e2de3804a489c5a0556f8e0e64) Importer(815301076,1909f56bfc062723c751e8b465ee728b)  -> (artifact id: '77bb31e22bf9dda0ed91e3f9eec48b32') in 0.001177 seconds
  Import took 0.003046 seconds .

========================================================================
Received Import Request.
  Time since last request: 3.191688 seconds.
  path: Assets/Third Party
  artifactKey: Guid(54af8d7455aa94c43aab052dd41bf989) Importer(815301076,1909f56bfc062723c751e8b465ee728b)
Start importing Assets/Third Party using Guid(54af8d7455aa94c43aab052dd41bf989) Importer(815301076,1909f56bfc062723c751e8b465ee728b)  -> (artifact id: '1579ffad3d8cda02823b64a36784cb87') in 0.006350 seconds
  Import took 0.008778 seconds .

AssetImportWorkerClient::OnTransportError - code=2 error=End of file
